Added Component: Designator=AFF1(LCRU01602DSFAWH)
Added Component: Designator=C1(C1206)
Added Component: Designator=C2(C1206)
Added Component: Designator=C4(RB7.6-15)
Added Component: Designator=C5(RB7.6-15)
Added Component: Designator=C6(C1206)
Added Component: Designator=D1(SMC)
Added Component: Designator=D2(SMC)
Added Component: Designator=D3(SMC)
Added Component: Designator=D4(SMC)
Added Component: Designator=D7(LED-0)
Added Component: Designator=D8(DO-41)
Added Component: Designator=J1(KLD-0202)
Added Component: Designator=P1(HDR1X2)
Added Component: Designator=Q1(TO-92A)
Added Component: Designator=Q2(TO-92A)
Added Component: Designator=Q3(TO-92A)
Added Component: Designator=Q4(TO-92A)
Added Component: Designator=R1(AXIAL-0.4)
Added Component: Designator=R2(AXIAL-0.4)
Added Component: Designator=R3(AXIAL-0.4)
Added Component: Designator=R4(AXIAL-0.5)
Added Component: Designator=R7(AXIAL-0.3)
Added Component: Designator=Re4(AXIAL-0.4)
Added Component: Designator=Rv1(VR3)
Added Component: Designator=RV2(VR3)
Added Component: Designator=U1(DIP8)
Added Component: Designator=U2(DIP8)
Added Component: Designator=U3(DIP8)
Added Component: Designator=U4(DIP8)
Added Component: Designator=U5(SOIC-SO28_N)
Added Component: Designator=VR1(TO-263)
Added Component: Designator=X1(R38)
Added Pin To Net: NetName=3V Pin=R4-1
Added Net: Name=3V
Added Pin To Net: NetName=5V Pin=C5-1
Added Pin To Net: NetName=5V Pin=C6-2
Added Pin To Net: NetName=5V Pin=R7-1
Added Pin To Net: NetName=5V Pin=U5-20
Added Pin To Net: NetName=5V Pin=VR1-3
Added Net: Name=5V
Added Pin To Net: NetName=12V Pin=D8-1
Added Pin To Net: NetName=12V Pin=J1-1
Added Pin To Net: NetName=12V Pin=J1-1A
Added Pin To Net: NetName=12V Pin=J1-1B
Added Net: Name=12V
Added Pin To Net: NetName=AM+ Pin=D1-2
Added Pin To Net: NetName=AM+ Pin=D3-2
Added Pin To Net: NetName=AM+ Pin=P1-1
Added Pin To Net: NetName=AM+ Pin=Q1-3
Added Pin To Net: NetName=AM+ Pin=Q3-3
Added Pin To Net: NetName=AM+ Pin=U1-7
Added Pin To Net: NetName=AM+ Pin=U3-7
Added Net: Name=AM+
Added Pin To Net: NetName=AM- Pin=D2-1
Added Pin To Net: NetName=AM- Pin=D4-1
Added Pin To Net: NetName=AM- Pin=P1-2
Added Pin To Net: NetName=AM- Pin=Q2-3
Added Pin To Net: NetName=AM- Pin=Q4-3
Added Pin To Net: NetName=AM- Pin=U2-8
Added Pin To Net: NetName=AM- Pin=U4-8
Added Net: Name=AM-
Added Pin To Net: NetName=GND Pin=C1-1
Added Pin To Net: NetName=GND Pin=C2-1
Added Pin To Net: NetName=GND Pin=C4-2
Added Pin To Net: NetName=GND Pin=C5-2
Added Pin To Net: NetName=GND Pin=C6-1
Added Pin To Net: NetName=GND Pin=D7-2
Added Pin To Net: NetName=GND Pin=J1-2
Added Pin To Net: NetName=GND Pin=J1-2A
Added Pin To Net: NetName=GND Pin=J1-2B
Added Pin To Net: NetName=GND Pin=J1-3
Added Pin To Net: NetName=GND Pin=J1-3A
Added Pin To Net: NetName=GND Pin=J1-3B
Added Pin To Net: NetName=GND Pin=Rv1-1
Added Pin To Net: NetName=GND Pin=RV2-2
Added Pin To Net: NetName=GND Pin=U1-2
Added Pin To Net: NetName=GND Pin=U2-2
Added Pin To Net: NetName=GND Pin=U3-2
Added Pin To Net: NetName=GND Pin=U4-2
Added Pin To Net: NetName=GND Pin=U5-8
Added Pin To Net: NetName=GND Pin=U5-19
Added Pin To Net: NetName=GND Pin=VR1-4
Added Net: Name=GND
Added Pin To Net: NetName=NetC4_1 Pin=C4-1
Added Pin To Net: NetName=NetC4_1 Pin=D8-2
Added Pin To Net: NetName=NetC4_1 Pin=VR1-1
Added Net: Name=NetC4_1
Added Pin To Net: NetName=NetD1_1 Pin=D1-1
Added Pin To Net: NetName=NetD1_1 Pin=D2-2
Added Pin To Net: NetName=NetD1_1 Pin=D3-1
Added Pin To Net: NetName=NetD1_1 Pin=D4-2
Added Pin To Net: NetName=NetD1_1 Pin=Q1-1
Added Pin To Net: NetName=NetD1_1 Pin=Q2-1
Added Pin To Net: NetName=NetD1_1 Pin=Q3-1
Added Pin To Net: NetName=NetD1_1 Pin=Q4-1
Added Net: Name=NetD1_1
Added Pin To Net: NetName=NetD7_1 Pin=D7-1
Added Pin To Net: NetName=NetD7_1 Pin=R7-2
Added Net: Name=NetD7_1
Added Pin To Net: NetName=NetQ1_2 Pin=Q1-2
Added Pin To Net: NetName=NetQ1_2 Pin=U1-8
Added Net: Name=NetQ1_2
Added Pin To Net: NetName=NetQ2_2 Pin=Q2-2
Added Pin To Net: NetName=NetQ2_2 Pin=U2-7
Added Net: Name=NetQ2_2
Added Pin To Net: NetName=NetQ3_2 Pin=Q3-2
Added Pin To Net: NetName=NetQ3_2 Pin=U3-8
Added Net: Name=NetQ3_2
Added Pin To Net: NetName=NetQ4_2 Pin=Q4-2
Added Pin To Net: NetName=NetQ4_2 Pin=U4-7
Added Net: Name=NetQ4_2
Added Pin To Net: NetName=NetR1_2 Pin=R1-2
Added Pin To Net: NetName=NetR1_2 Pin=U1-1
Added Net: Name=NetR1_2
Added Pin To Net: NetName=NetR2_2 Pin=R2-2
Added Pin To Net: NetName=NetR2_2 Pin=U2-1
Added Net: Name=NetR2_2
Added Pin To Net: NetName=NetR3_2 Pin=R3-2
Added Pin To Net: NetName=NetR3_2 Pin=U3-1
Added Net: Name=NetR3_2
Added Pin To Net: NetName=NetRe4_2 Pin=Re4-2
Added Pin To Net: NetName=NetRe4_2 Pin=U4-1
Added Net: Name=NetRe4_2
Added Pin To Net: NetName=NetRv1_3 Pin=Rv1-3
Added Pin To Net: NetName=NetRv1_3 Pin=U5-2
Added Net: Name=NetRv1_3
Added Pin To Net: NetName=OSC1 Pin=C2-2
Added Pin To Net: NetName=OSC1 Pin=U5-9
Added Pin To Net: NetName=OSC1 Pin=X1-2
Added Net: Name=OSC1
Added Pin To Net: NetName=OSC2 Pin=C1-2
Added Pin To Net: NetName=OSC2 Pin=U5-10
Added Pin To Net: NetName=OSC2 Pin=X1-1
Added Net: Name=OSC2
Added Pin To Net: NetName=PWM1 Pin=R1-1
Added Pin To Net: NetName=PWM1 Pin=Re4-1
Added Pin To Net: NetName=PWM1 Pin=U5-13
Added Net: Name=PWM1
Added Pin To Net: NetName=PWM2 Pin=R2-1
Added Pin To Net: NetName=PWM2 Pin=R3-1
Added Pin To Net: NetName=PWM2 Pin=U5-12
Added Net: Name=PWM2
Added Pin To Net: NetName=RB0 Pin=U5-21
Added Net: Name=RB0
Added Pin To Net: NetName=RB1 Pin=U5-22
Added Net: Name=RB1
Added Pin To Net: NetName=RB2 Pin=U5-23
Added Net: Name=RB2
Added Pin To Net: NetName=RD4 Pin=U5-24
Added Net: Name=RD4
Added Pin To Net: NetName=RD5 Pin=U5-25
Added Net: Name=RD5
Added Pin To Net: NetName=RD6 Pin=U5-26
Added Net: Name=RD6
Added Pin To Net: NetName=RD7 Pin=U5-27
Added Net: Name=RD7
Added Pin To Net: NetName=VCC Pin=RV2-1
Added Net: Name=VCC
Added Pin To Net: NetName=VEE Pin=RV2-3
Added Net: Name=VEE
Added Class: Name=U_Affi
Added Class: Name=U_pic
Added Class: Name=U_power
Added Room: Name=U_Affi
Added Room: Name=U_pic
Added Room: Name=U_power
